18-May-2020 00:24:50.870 INFO [main] org.apache.catalina.startup.VersionLoggerListener.log Server version name:   Apache Tomcat/9.0.35
18-May-2020 00:24:50.872 INFO [main] org.apache.catalina.startup.VersionLoggerListener.log Server built:          May 5 2020 20:36:20 UTC
18-May-2020 00:24:50.873 INFO [main] org.apache.catalina.startup.VersionLoggerListener.log Server version number: 9.0.35.0
18-May-2020 00:24:50.873 INFO [main] org.apache.catalina.startup.VersionLoggerListener.log OS Name:               Linux
18-May-2020 00:24:50.873 INFO [main] org.apache.catalina.startup.VersionLoggerListener.log OS Version:            3.10.0-327.el7.x86_64
18-May-2020 00:24:50.873 INFO [main] org.apache.catalina.startup.VersionLoggerListener.log Architecture:          amd64
18-May-2020 00:24:50.873 INFO [main] org.apache.catalina.startup.VersionLoggerListener.log Java Home:             /usr/lib/jvm/java-1.8.0-openjdk-1.8.0.252.b09-2.el7_8.x86_64/jre
18-May-2020 00:24:50.873 INFO [main] org.apache.catalina.startup.VersionLoggerListener.log JVM Version:           1.8.0_252-b09
18-May-2020 00:24:50.873 INFO [main] org.apache.catalina.startup.VersionLoggerListener.log JVM Vendor:            Oracle Corporation
18-May-2020 00:24:50.873 INFO [main] org.apache.catalina.startup.VersionLoggerListener.log CATALINA_BASE:         /root/tomcat/apache-tomcat-9.0.35
18-May-2020 00:24:50.873 INFO [main] org.apache.catalina.startup.VersionLoggerListener.log CATALINA_HOME:         /root/tomcat/apache-tomcat-9.0.35
18-May-2020 00:24:50.874 INFO [main] org.apache.catalina.startup.VersionLoggerListener.log Command line argument: -Djava.util.logging.config.file=/root/tomcat/apache-tomcat-9.0.35/conf/logging.properties
18-May-2020 00:24:50.874 INFO [main] org.apache.catalina.startup.VersionLoggerListener.log Command line argument: -Djava.util.logging.manager=org.apache.juli.ClassLoaderLogManager
18-May-2020 00:24:50.874 INFO [main] org.apache.catalina.startup.VersionLoggerListener.log Command line argument: -Djdk.tls.ephemeralDHKeySize=2048
18-May-2020 00:24:50.875 INFO [main] org.apache.catalina.startup.VersionLoggerListener.log Command line argument: -Djava.protocol.handler.pkgs=org.apache.catalina.webresources
18-May-2020 00:24:50.875 INFO [main] org.apache.catalina.startup.VersionLoggerListener.log Command line argument: -Dorg.apache.catalina.security.SecurityListener.UMASK=0027
18-May-2020 00:24:50.875 INFO [main] org.apache.catalina.startup.VersionLoggerListener.log Command line argument: -Dignore.endorsed.dirs=
18-May-2020 00:24:50.875 INFO [main] org.apache.catalina.startup.VersionLoggerListener.log Command line argument: -Dcatalina.base=/root/tomcat/apache-tomcat-9.0.35
18-May-2020 00:24:50.875 INFO [main] org.apache.catalina.startup.VersionLoggerListener.log Command line argument: -Dcatalina.home=/root/tomcat/apache-tomcat-9.0.35
18-May-2020 00:24:50.875 INFO [main] org.apache.catalina.startup.VersionLoggerListener.log Command line argument: -Djava.io.tmpdir=/root/tomcat/apache-tomcat-9.0.35/temp
18-May-2020 00:24:50.875 INFO [main] org.apache.catalina.core.AprLifecycleListener.lifecycleEvent The Apache Tomcat Native library which allows using OpenSSL was not found on the java.library.path: [/usr/java/packages/lib/amd64:/usr/lib64:/lib64:/lib:/usr/lib]
18-May-2020 00:24:51.228 INFO [main] org.apache.coyote.AbstractProtocol.init Initializing ProtocolHandler ["http-nio-8090"]
18-May-2020 00:24:51.260 INFO [main] org.apache.catalina.startup.Catalina.load Server initialization in [580] milliseconds
18-May-2020 00:24:51.297 INFO [main] org.apache.catalina.core.StandardService.startInternal Starting service [Catalina]
18-May-2020 00:24:51.298 INFO [main] org.apache.catalina.core.StandardEngine.startInternal Starting Servlet engine: [Apache Tomcat/9.0.35]
18-May-2020 00:24:51.316 INFO [main] org.apache.catalina.startup.HostConfig.deployDirectory Deploying web application directory [/root/tomcat/apache-tomcat-9.0.35/webapps/ROOT]
18-May-2020 00:24:51.589 INFO [main] org.apache.catalina.startup.HostConfig.deployDirectory Deployment of web application directory [/root/tomcat/apache-tomcat-9.0.35/webapps/ROOT] has finished in [272] ms
18-May-2020 00:24:51.589 INFO [main] org.apache.catalina.startup.HostConfig.deployDirectory Deploying web application directory [/root/tomcat/apache-tomcat-9.0.35/webapps/docs]
18-May-2020 00:24:51.617 INFO [main] org.apache.catalina.startup.HostConfig.deployDirectory Deployment of web application directory [/root/tomcat/apache-tomcat-9.0.35/webapps/docs] has finished in [28] ms
18-May-2020 00:24:51.618 INFO [main] org.apache.catalina.startup.HostConfig.deployDirectory Deploying web application directory [/root/tomcat/apache-tomcat-9.0.35/webapps/examples]
18-May-2020 00:24:51.940 INFO [main] org.apache.catalina.startup.HostConfig.deployDirectory Deployment of web application directory [/root/tomcat/apache-tomcat-9.0.35/webapps/examples] has finished in [322] ms
18-May-2020 00:24:51.941 INFO [main] org.apache.catalina.startup.HostConfig.deployDirectory Deploying web application directory [/root/tomcat/apache-tomcat-9.0.35/webapps/host-manager]
18-May-2020 00:24:51.981 INFO [main] org.apache.catalina.startup.HostConfig.deployDirectory Deployment of web application directory [/root/tomcat/apache-tomcat-9.0.35/webapps/host-manager] has finished in [40] ms
18-May-2020 00:24:51.982 INFO [main] org.apache.catalina.startup.HostConfig.deployDirectory Deploying web application directory [/root/tomcat/apache-tomcat-9.0.35/webapps/manager]
18-May-2020 00:24:52.016 INFO [main] org.apache.catalina.startup.HostConfig.deployDirectory Deployment of web application directory [/root/tomcat/apache-tomcat-9.0.35/webapps/manager] has finished in [34] ms
18-May-2020 00:24:52.021 INFO [main] org.apache.coyote.AbstractProtocol.start Starting ProtocolHandler ["http-nio-8090"]
18-May-2020 00:24:52.035 INFO [main] org.apache.catalina.startup.Catalina.start Server startup in [774] milliseconds
18-May-2020 00:42:32.572 INFO [Catalina-utility-1] org.apache.catalina.users.MemoryUserDatabase.backgroundProcess Reloading memory user database [UserDatabase] from updated source [file:/root/tomcat/apache-tomcat-9.0.35/conf/tomcat-users.xml]
18-May-2020 00:42:33.952 INFO [main] org.apache.catalina.core.StandardServer.await A valid shutdown command was received via the shutdown port. Stopping the Server instance.
18-May-2020 00:42:33.953 INFO [main] org.apache.coyote.AbstractProtocol.pause Pausing ProtocolHandler ["http-nio-8090"]
18-May-2020 00:42:33.962 INFO [main] org.apache.catalina.core.StandardService.stopInternal Stopping service [Catalina]
18-May-2020 00:42:33.996 INFO [main] org.apache.coyote.AbstractProtocol.stop Stopping ProtocolHandler ["http-nio-8090"]
18-May-2020 00:42:34.003 INFO [main] org.apache.coyote.AbstractProtocol.destroy Destroying ProtocolHandler ["http-nio-8090"]
18-May-2020 00:42:36.136 INFO [main] org.apache.catalina.startup.VersionLoggerListener.log Server version name:   Apache Tomcat/9.0.35
18-May-2020 00:42:36.138 INFO [main] org.apache.catalina.startup.VersionLoggerListener.log Server built:          May 5 2020 20:36:20 UTC
18-May-2020 00:42:36.138 INFO [main] org.apache.catalina.startup.VersionLoggerListener.log Server version number: 9.0.35.0
18-May-2020 00:42:36.138 INFO [main] org.apache.catalina.startup.VersionLoggerListener.log OS Name:               Linux
18-May-2020 00:42:36.138 INFO [main] org.apache.catalina.startup.VersionLoggerListener.log OS Version:            3.10.0-327.el7.x86_64
18-May-2020 00:42:36.138 INFO [main] org.apache.catalina.startup.VersionLoggerListener.log Architecture:          amd64
18-May-2020 00:42:36.138 INFO [main] org.apache.catalina.startup.VersionLoggerListener.log Java Home:             /usr/lib/jvm/java-1.8.0-openjdk-1.8.0.252.b09-2.el7_8.x86_64/jre
18-May-2020 00:42:36.139 INFO [main] org.apache.catalina.startup.VersionLoggerListener.log JVM Version:           1.8.0_252-b09
18-May-2020 00:42:36.139 INFO [main] org.apache.catalina.startup.VersionLoggerListener.log JVM Vendor:            Oracle Corporation
18-May-2020 00:42:36.139 INFO [main] org.apache.catalina.startup.VersionLoggerListener.log CATALINA_BASE:         /root/tomcat/apache-tomcat-9.0.35
18-May-2020 00:42:36.139 INFO [main] org.apache.catalina.startup.VersionLoggerListener.log CATALINA_HOME:         /root/tomcat/apache-tomcat-9.0.35
18-May-2020 00:42:36.140 INFO [main] org.apache.catalina.startup.VersionLoggerListener.log Command line argument: -Djava.util.logging.config.file=/root/tomcat/apache-tomcat-9.0.35/conf/logging.properties
18-May-2020 00:42:36.141 INFO [main] org.apache.catalina.startup.VersionLoggerListener.log Command line argument: -Djava.util.logging.manager=org.apache.juli.ClassLoaderLogManager
18-May-2020 00:42:36.141 INFO [main] org.apache.catalina.startup.VersionLoggerListener.log Command line argument: -Djdk.tls.ephemeralDHKeySize=2048
18-May-2020 00:42:36.141 INFO [main] org.apache.catalina.startup.VersionLoggerListener.log Command line argument: -Djava.protocol.handler.pkgs=org.apache.catalina.webresources
18-May-2020 00:42:36.141 INFO [main] org.apache.catalina.startup.VersionLoggerListener.log Command line argument: -Dorg.apache.catalina.security.SecurityListener.UMASK=0027
18-May-2020 00:42:36.141 INFO [main] org.apache.catalina.startup.VersionLoggerListener.log Command line argument: -Dignore.endorsed.dirs=
18-May-2020 00:42:36.141 INFO [main] org.apache.catalina.startup.VersionLoggerListener.log Command line argument: -Dcatalina.base=/root/tomcat/apache-tomcat-9.0.35
18-May-2020 00:42:36.141 INFO [main] org.apache.catalina.startup.VersionLoggerListener.log Command line argument: -Dcatalina.home=/root/tomcat/apache-tomcat-9.0.35
18-May-2020 00:42:36.141 INFO [main] org.apache.catalina.startup.VersionLoggerListener.log Command line argument: -Djava.io.tmpdir=/root/tomcat/apache-tomcat-9.0.35/temp
18-May-2020 00:42:36.142 INFO [main] org.apache.catalina.core.AprLifecycleListener.lifecycleEvent The Apache Tomcat Native library which allows using OpenSSL was not found on the java.library.path: [/usr/java/packages/lib/amd64:/usr/lib64:/lib64:/lib:/usr/lib]
18-May-2020 00:42:36.477 INFO [main] org.apache.coyote.AbstractProtocol.init Initializing ProtocolHandler ["http-nio-8090"]
18-May-2020 00:42:36.512 INFO [main] org.apache.catalina.startup.Catalina.load Server initialization in [563] milliseconds
18-May-2020 00:42:36.544 INFO [main] org.apache.catalina.core.StandardService.startInternal Starting service [Catalina]
18-May-2020 00:42:36.545 INFO [main] org.apache.catalina.core.StandardEngine.startInternal Starting Servlet engine: [Apache Tomcat/9.0.35]
18-May-2020 00:42:36.565 INFO [main] org.apache.catalina.startup.HostConfig.deployDirectory Deploying web application directory [/root/tomcat/apache-tomcat-9.0.35/webapps/ROOT]
18-May-2020 00:42:36.865 INFO [main] org.apache.catalina.startup.HostConfig.deployDirectory Deployment of web application directory [/root/tomcat/apache-tomcat-9.0.35/webapps/ROOT] has finished in [300] ms
18-May-2020 00:42:36.865 INFO [main] org.apache.catalina.startup.HostConfig.deployDirectory Deploying web application directory [/root/tomcat/apache-tomcat-9.0.35/webapps/docs]
18-May-2020 00:42:36.884 INFO [main] org.apache.catalina.startup.HostConfig.deployDirectory Deployment of web application directory [/root/tomcat/apache-tomcat-9.0.35/webapps/docs] has finished in [19] ms
18-May-2020 00:42:36.884 INFO [main] org.apache.catalina.startup.HostConfig.deployDirectory Deploying web application directory [/root/tomcat/apache-tomcat-9.0.35/webapps/examples]
18-May-2020 00:42:37.148 INFO [main] org.apache.catalina.startup.HostConfig.deployDirectory Deployment of web application directory [/root/tomcat/apache-tomcat-9.0.35/webapps/examples] has finished in [264] ms
18-May-2020 00:42:37.149 INFO [main] org.apache.catalina.startup.HostConfig.deployDirectory Deploying web application directory [/root/tomcat/apache-tomcat-9.0.35/webapps/host-manager]
18-May-2020 00:42:37.178 INFO [main] org.apache.catalina.startup.HostConfig.deployDirectory Deployment of web application directory [/root/tomcat/apache-tomcat-9.0.35/webapps/host-manager] has finished in [29] ms
18-May-2020 00:42:37.178 INFO [main] org.apache.catalina.startup.HostConfig.deployDirectory Deploying web application directory [/root/tomcat/apache-tomcat-9.0.35/webapps/manager]
18-May-2020 00:42:37.223 INFO [main] org.apache.catalina.startup.HostConfig.deployDirectory Deployment of web application directory [/root/tomcat/apache-tomcat-9.0.35/webapps/manager] has finished in [44] ms
18-May-2020 00:42:37.227 INFO [main] org.apache.coyote.AbstractProtocol.start Starting ProtocolHandler ["http-nio-8090"]
18-May-2020 00:42:37.234 INFO [main] org.apache.catalina.startup.Catalina.start Server startup in [722] milliseconds
18-May-2020 00:42:55.927 INFO [main] org.apache.catalina.core.StandardServer.await A valid shutdown command was received via the shutdown port. Stopping the Server instance.
18-May-2020 00:42:55.928 INFO [main] org.apache.coyote.AbstractProtocol.pause Pausing ProtocolHandler ["http-nio-8090"]
18-May-2020 00:42:55.937 INFO [main] org.apache.catalina.core.StandardService.stopInternal Stopping service [Catalina]
18-May-2020 00:42:55.964 INFO [main] org.apache.coyote.AbstractProtocol.stop Stopping ProtocolHandler ["http-nio-8090"]
18-May-2020 00:42:55.966 INFO [main] org.apache.coyote.AbstractProtocol.destroy Destroying ProtocolHandler ["http-nio-8090"]
18-May-2020 00:43:23.562 INFO [main] org.apache.catalina.startup.VersionLoggerListener.log Server version name:   Apache Tomcat/9.0.35
18-May-2020 00:43:23.564 INFO [main] org.apache.catalina.startup.VersionLoggerListener.log Server built:          May 5 2020 20:36:20 UTC
18-May-2020 00:43:23.564 INFO [main] org.apache.catalina.startup.VersionLoggerListener.log Server version number: 9.0.35.0
18-May-2020 00:43:23.565 INFO [main] org.apache.catalina.startup.VersionLoggerListener.log OS Name:               Linux
18-May-2020 00:43:23.565 INFO [main] org.apache.catalina.startup.VersionLoggerListener.log OS Version:            3.10.0-327.el7.x86_64
18-May-2020 00:43:23.565 INFO [main] org.apache.catalina.startup.VersionLoggerListener.log Architecture:          amd64
18-May-2020 00:43:23.565 INFO [main] org.apache.catalina.startup.VersionLoggerListener.log Java Home:             /usr/lib/jvm/java-1.8.0-openjdk-1.8.0.252.b09-2.el7_8.x86_64/jre
18-May-2020 00:43:23.565 INFO [main] org.apache.catalina.startup.VersionLoggerListener.log JVM Version:           1.8.0_252-b09
18-May-2020 00:43:23.565 INFO [main] org.apache.catalina.startup.VersionLoggerListener.log JVM Vendor:            Oracle Corporation
18-May-2020 00:43:23.565 INFO [main] org.apache.catalina.startup.VersionLoggerListener.log CATALINA_BASE:         /root/tomcat/apache-tomcat-9.0.35
18-May-2020 00:43:23.565 INFO [main] org.apache.catalina.startup.VersionLoggerListener.log CATALINA_HOME:         /root/tomcat/apache-tomcat-9.0.35
18-May-2020 00:43:23.566 INFO [main] org.apache.catalina.startup.VersionLoggerListener.log Command line argument: -Djava.util.logging.config.file=/root/tomcat/apache-tomcat-9.0.35/conf/logging.properties
18-May-2020 00:43:23.566 INFO [main] org.apache.catalina.startup.VersionLoggerListener.log Command line argument: -Djava.util.logging.manager=org.apache.juli.ClassLoaderLogManager
18-May-2020 00:43:23.566 INFO [main] org.apache.catalina.startup.VersionLoggerListener.log Command line argument: -Djdk.tls.ephemeralDHKeySize=2048
18-May-2020 00:43:23.566 INFO [main] org.apache.catalina.startup.VersionLoggerListener.log Command line argument: -Djava.protocol.handler.pkgs=org.apache.catalina.webresources
18-May-2020 00:43:23.567 INFO [main] org.apache.catalina.startup.VersionLoggerListener.log Command line argument: -Dorg.apache.catalina.security.SecurityListener.UMASK=0027
18-May-2020 00:43:23.567 INFO [main] org.apache.catalina.startup.VersionLoggerListener.log Command line argument: -Dignore.endorsed.dirs=
18-May-2020 00:43:23.567 INFO [main] org.apache.catalina.startup.VersionLoggerListener.log Command line argument: -Dcatalina.base=/root/tomcat/apache-tomcat-9.0.35
18-May-2020 00:43:23.567 INFO [main] org.apache.catalina.startup.VersionLoggerListener.log Command line argument: -Dcatalina.home=/root/tomcat/apache-tomcat-9.0.35
18-May-2020 00:43:23.567 INFO [main] org.apache.catalina.startup.VersionLoggerListener.log Command line argument: -Djava.io.tmpdir=/root/tomcat/apache-tomcat-9.0.35/temp
18-May-2020 00:43:23.567 INFO [main] org.apache.catalina.core.AprLifecycleListener.lifecycleEvent The Apache Tomcat Native library which allows using OpenSSL was not found on the java.library.path: [/usr/java/packages/lib/amd64:/usr/lib64:/lib64:/lib:/usr/lib]
18-May-2020 00:43:23.903 INFO [main] org.apache.coyote.AbstractProtocol.init Initializing ProtocolHandler ["http-nio-8090"]
18-May-2020 00:43:23.936 INFO [main] org.apache.catalina.startup.Catalina.load Server initialization in [554] milliseconds
18-May-2020 00:43:23.971 INFO [main] org.apache.catalina.core.StandardService.startInternal Starting service [Catalina]
18-May-2020 00:43:23.972 INFO [main] org.apache.catalina.core.StandardEngine.startInternal Starting Servlet engine: [Apache Tomcat/9.0.35]
18-May-2020 00:43:23.998 INFO [main] org.apache.catalina.startup.HostConfig.deployDirectory Deploying web application directory [/root/tomcat/apache-tomcat-9.0.35/webapps/ROOT]
18-May-2020 00:43:24.263 INFO [main] org.apache.catalina.startup.HostConfig.deployDirectory Deployment of web application directory [/root/tomcat/apache-tomcat-9.0.35/webapps/ROOT] has finished in [265] ms
18-May-2020 00:43:24.264 INFO [main] org.apache.catalina.startup.HostConfig.deployDirectory Deploying web application directory [/root/tomcat/apache-tomcat-9.0.35/webapps/docs]
18-May-2020 00:43:24.283 INFO [main] org.apache.catalina.startup.HostConfig.deployDirectory Deployment of web application directory [/root/tomcat/apache-tomcat-9.0.35/webapps/docs] has finished in [19] ms
18-May-2020 00:43:24.284 INFO [main] org.apache.catalina.startup.HostConfig.deployDirectory Deploying web application directory [/root/tomcat/apache-tomcat-9.0.35/webapps/examples]
18-May-2020 00:43:24.536 INFO [main] org.apache.catalina.startup.HostConfig.deployDirectory Deployment of web application directory [/root/tomcat/apache-tomcat-9.0.35/webapps/examples] has finished in [252] ms
18-May-2020 00:43:24.536 INFO [main] org.apache.catalina.startup.HostConfig.deployDirectory Deploying web application directory [/root/tomcat/apache-tomcat-9.0.35/webapps/host-manager]
18-May-2020 00:43:24.565 INFO [main] org.apache.catalina.startup.HostConfig.deployDirectory Deployment of web application directory [/root/tomcat/apache-tomcat-9.0.35/webapps/host-manager] has finished in [29] ms
18-May-2020 00:43:24.565 INFO [main] org.apache.catalina.startup.HostConfig.deployDirectory Deploying web application directory [/root/tomcat/apache-tomcat-9.0.35/webapps/manager]
18-May-2020 00:43:24.640 INFO [main] org.apache.catalina.startup.HostConfig.deployDirectory Deployment of web application directory [/root/tomcat/apache-tomcat-9.0.35/webapps/manager] has finished in [75] ms
18-May-2020 00:43:24.657 INFO [main] org.apache.coyote.AbstractProtocol.start Starting ProtocolHandler ["http-nio-8090"]
18-May-2020 00:43:24.682 INFO [main] org.apache.catalina.startup.Catalina.start Server startup in [745] milliseconds
18-May-2020 00:44:02.527 INFO [http-nio-8090-exec-2] org.apache.catalina.startup.HostConfig.deployWAR Deploying web application archive [/root/tomcat/apache-tomcat-9.0.35/webapps/sample.war]
18-May-2020 00:44:02.564 INFO [http-nio-8090-exec-2] org.apache.catalina.startup.HostConfig.deployWAR Deployment of web application archive [/root/tomcat/apache-tomcat-9.0.35/webapps/sample.war] has finished in [36] ms
18-May-2020 00:47:31.597 INFO [main] org.apache.catalina.core.StandardServer.await A valid shutdown command was received via the shutdown port. Stopping the Server instance.
18-May-2020 00:47:31.598 INFO [main] org.apache.coyote.AbstractProtocol.pause Pausing ProtocolHandler ["http-nio-8090"]
18-May-2020 00:47:31.606 INFO [main] org.apache.catalina.core.StandardService.stopInternal Stopping service [Catalina]
18-May-2020 00:47:31.638 INFO [main] org.apache.coyote.AbstractProtocol.stop Stopping ProtocolHandler ["http-nio-8090"]
18-May-2020 00:47:31.644 INFO [main] org.apache.coyote.AbstractProtocol.destroy Destroying ProtocolHandler ["http-nio-8090"]
18-May-2020 00:47:35.295 INFO [main] org.apache.catalina.startup.VersionLoggerListener.log Server version name:   Apache Tomcat/9.0.35
18-May-2020 00:47:35.296 INFO [main] org.apache.catalina.startup.VersionLoggerListener.log Server built:          May 5 2020 20:36:20 UTC
18-May-2020 00:47:35.296 INFO [main] org.apache.catalina.startup.VersionLoggerListener.log Server version number: 9.0.35.0
18-May-2020 00:47:35.297 INFO [main] org.apache.catalina.startup.VersionLoggerListener.log OS Name:               Linux
18-May-2020 00:47:35.297 INFO [main] org.apache.catalina.startup.VersionLoggerListener.log OS Version:            3.10.0-327.el7.x86_64
18-May-2020 00:47:35.297 INFO [main] org.apache.catalina.startup.VersionLoggerListener.log Architecture:          amd64
18-May-2020 00:47:35.297 INFO [main] org.apache.catalina.startup.VersionLoggerListener.log Java Home:             /usr/lib/jvm/java-1.8.0-openjdk-1.8.0.252.b09-2.el7_8.x86_64/jre
18-May-2020 00:47:35.297 INFO [main] org.apache.catalina.startup.VersionLoggerListener.log JVM Version:           1.8.0_252-b09
18-May-2020 00:47:35.297 INFO [main] org.apache.catalina.startup.VersionLoggerListener.log JVM Vendor:            Oracle Corporation
18-May-2020 00:47:35.297 INFO [main] org.apache.catalina.startup.VersionLoggerListener.log CATALINA_BASE:         /root/tomcat/apache-tomcat-9.0.35
18-May-2020 00:47:35.297 INFO [main] org.apache.catalina.startup.VersionLoggerListener.log CATALINA_HOME:         /root/tomcat/apache-tomcat-9.0.35
18-May-2020 00:47:35.299 INFO [main] org.apache.catalina.startup.VersionLoggerListener.log Command line argument: -Djava.util.logging.config.file=/root/tomcat/apache-tomcat-9.0.35/conf/logging.properties
18-May-2020 00:47:35.299 INFO [main] org.apache.catalina.startup.VersionLoggerListener.log Command line argument: -Djava.util.logging.manager=org.apache.juli.ClassLoaderLogManager
18-May-2020 00:47:35.299 INFO [main] org.apache.catalina.startup.VersionLoggerListener.log Command line argument: -Djdk.tls.ephemeralDHKeySize=2048
18-May-2020 00:47:35.299 INFO [main] org.apache.catalina.startup.VersionLoggerListener.log Command line argument: -Djava.protocol.handler.pkgs=org.apache.catalina.webresources
18-May-2020 00:47:35.299 INFO [main] org.apache.catalina.startup.VersionLoggerListener.log Command line argument: -Dorg.apache.catalina.security.SecurityListener.UMASK=0027
18-May-2020 00:47:35.299 INFO [main] org.apache.catalina.startup.VersionLoggerListener.log Command line argument: -Dignore.endorsed.dirs=
18-May-2020 00:47:35.299 INFO [main] org.apache.catalina.startup.VersionLoggerListener.log Command line argument: -Dcatalina.base=/root/tomcat/apache-tomcat-9.0.35
18-May-2020 00:47:35.299 INFO [main] org.apache.catalina.startup.VersionLoggerListener.log Command line argument: -Dcatalina.home=/root/tomcat/apache-tomcat-9.0.35
18-May-2020 00:47:35.299 INFO [main] org.apache.catalina.startup.VersionLoggerListener.log Command line argument: -Djava.io.tmpdir=/root/tomcat/apache-tomcat-9.0.35/temp
18-May-2020 00:47:35.300 INFO [main] org.apache.catalina.core.AprLifecycleListener.lifecycleEvent The Apache Tomcat Native library which allows using OpenSSL was not found on the java.library.path: [/usr/java/packages/lib/amd64:/usr/lib64:/lib64:/lib:/usr/lib]
18-May-2020 00:47:35.617 INFO [main] org.apache.coyote.AbstractProtocol.init Initializing ProtocolHandler ["http-nio-8090"]
18-May-2020 00:47:35.647 INFO [main] org.apache.catalina.startup.Catalina.load Server initialization in [539] milliseconds
18-May-2020 00:47:35.678 INFO [main] org.apache.catalina.core.StandardService.startInternal Starting service [Catalina]
18-May-2020 00:47:35.678 INFO [main] org.apache.catalina.core.StandardEngine.startInternal Starting Servlet engine: [Apache Tomcat/9.0.35]
18-May-2020 00:47:35.712 INFO [main] org.apache.catalina.startup.HostConfig.deployWAR Deploying web application archive [/root/tomcat/apache-tomcat-9.0.35/webapps/sample.war]
18-May-2020 00:47:35.991 INFO [main] org.apache.catalina.startup.HostConfig.deployWAR Deployment of web application archive [/root/tomcat/apache-tomcat-9.0.35/webapps/sample.war] has finished in [279] ms
18-May-2020 00:47:35.992 INFO [main] org.apache.catalina.startup.HostConfig.deployDirectory Deploying web application directory [/root/tomcat/apache-tomcat-9.0.35/webapps/ROOT]
18-May-2020 00:47:36.011 INFO [main] org.apache.catalina.startup.HostConfig.deployDirectory Deployment of web application directory [/root/tomcat/apache-tomcat-9.0.35/webapps/ROOT] has finished in [18] ms
18-May-2020 00:47:36.011 INFO [main] org.apache.catalina.startup.HostConfig.deployDirectory Deploying web application directory [/root/tomcat/apache-tomcat-9.0.35/webapps/docs]
18-May-2020 00:47:36.028 INFO [main] org.apache.catalina.startup.HostConfig.deployDirectory Deployment of web application directory [/root/tomcat/apache-tomcat-9.0.35/webapps/docs] has finished in [16] ms
18-May-2020 00:47:36.028 INFO [main] org.apache.catalina.startup.HostConfig.deployDirectory Deploying web application directory [/root/tomcat/apache-tomcat-9.0.35/webapps/examples]
18-May-2020 00:47:36.301 INFO [main] org.apache.catalina.startup.HostConfig.deployDirectory Deployment of web application directory [/root/tomcat/apache-tomcat-9.0.35/webapps/examples] has finished in [272] ms
18-May-2020 00:47:36.301 INFO [main] org.apache.catalina.startup.HostConfig.deployDirectory Deploying web application directory [/root/tomcat/apache-tomcat-9.0.35/webapps/host-manager]
18-May-2020 00:47:36.328 INFO [main] org.apache.catalina.startup.HostConfig.deployDirectory Deployment of web application directory [/root/tomcat/apache-tomcat-9.0.35/webapps/host-manager] has finished in [27] ms
18-May-2020 00:47:36.328 INFO [main] org.apache.catalina.startup.HostConfig.deployDirectory Deploying web application directory [/root/tomcat/apache-tomcat-9.0.35/webapps/manager]
18-May-2020 00:47:36.373 INFO [main] org.apache.catalina.startup.HostConfig.deployDirectory Deployment of web application directory [/root/tomcat/apache-tomcat-9.0.35/webapps/manager] has finished in [45] ms
18-May-2020 00:47:36.378 INFO [main] org.apache.coyote.AbstractProtocol.start Starting ProtocolHandler ["http-nio-8090"]
18-May-2020 00:47:36.386 INFO [main] org.apache.catalina.startup.Catalina.start Server startup in [738] milliseconds
18-May-2020 00:48:53.108 INFO [http-nio-8090-exec-7] org.apache.catalina.startup.HostConfig.undeploy Undeploying context [/sample]
18-May-2020 00:48:53.117 INFO [http-nio-8090-exec-8] org.apache.catalina.startup.HostConfig.deployWAR Deploying web application archive [/root/tomcat/apache-tomcat-9.0.35/webapps/sample.war]
18-May-2020 00:48:53.211 INFO [http-nio-8090-exec-8] org.apache.catalina.startup.HostConfig.deployWAR Deployment of web application archive [/root/tomcat/apache-tomcat-9.0.35/webapps/sample.war] has finished in [93] ms
18-May-2020 01:09:28.220 INFO [http-nio-8090-exec-12] org.apache.catalina.startup.HostConfig.deployWAR Deploying web application archive [/root/tomcat/apache-tomcat-9.0.35/webapps/helloworld.war]
18-May-2020 01:09:28.251 INFO [http-nio-8090-exec-12] org.apache.catalina.startup.HostConfig.deployWAR Deployment of web application archive [/root/tomcat/apache-tomcat-9.0.35/webapps/helloworld.war] has finished in [30] ms
18-May-2020 13:53:27.590 INFO [main] org.apache.catalina.core.StandardServer.await A valid shutdown command was received via the shutdown port. Stopping the Server instance.
18-May-2020 13:53:27.591 INFO [main] org.apache.coyote.AbstractProtocol.pause Pausing ProtocolHandler ["http-nio-8090"]
18-May-2020 13:53:27.602 INFO [main] org.apache.catalina.core.StandardService.stopInternal Stopping service [Catalina]
18-May-2020 13:53:27.663 INFO [main] org.apache.coyote.AbstractProtocol.stop Stopping ProtocolHandler ["http-nio-8090"]
18-May-2020 13:53:27.677 INFO [main] org.apache.coyote.AbstractProtocol.destroy Destroying ProtocolHandler ["http-nio-8090"]
18-May-2020 13:53:30.462 INFO [main] org.apache.catalina.startup.VersionLoggerListener.log Server version name:   Apache Tomcat/9.0.35
18-May-2020 13:53:30.465 INFO [main] org.apache.catalina.startup.VersionLoggerListener.log Server built:          May 5 2020 20:36:20 UTC
18-May-2020 13:53:30.465 INFO [main] org.apache.catalina.startup.VersionLoggerListener.log Server version number: 9.0.35.0
18-May-2020 13:53:30.465 INFO [main] org.apache.catalina.startup.VersionLoggerListener.log OS Name:               Linux
18-May-2020 13:53:30.465 INFO [main] org.apache.catalina.startup.VersionLoggerListener.log OS Version:            3.10.0-327.el7.x86_64
18-May-2020 13:53:30.465 INFO [main] org.apache.catalina.startup.VersionLoggerListener.log Architecture:          amd64
18-May-2020 13:53:30.465 INFO [main] org.apache.catalina.startup.VersionLoggerListener.log Java Home:             /usr/lib/jvm/java-1.8.0-openjdk-1.8.0.252.b09-2.el7_8.x86_64/jre
18-May-2020 13:53:30.465 INFO [main] org.apache.catalina.startup.VersionLoggerListener.log JVM Version:           1.8.0_252-b09
18-May-2020 13:53:30.465 INFO [main] org.apache.catalina.startup.VersionLoggerListener.log JVM Vendor:            Oracle Corporation
18-May-2020 13:53:30.465 INFO [main] org.apache.catalina.startup.VersionLoggerListener.log CATALINA_BASE:         /root/tomcat/apache-tomcat-9.0.35
18-May-2020 13:53:30.465 INFO [main] org.apache.catalina.startup.VersionLoggerListener.log CATALINA_HOME:         /root/tomcat/apache-tomcat-9.0.35
18-May-2020 13:53:30.467 INFO [main] org.apache.catalina.startup.VersionLoggerListener.log Command line argument: -Djava.util.logging.config.file=/root/tomcat/apache-tomcat-9.0.35/conf/logging.properties
18-May-2020 13:53:30.468 INFO [main] org.apache.catalina.startup.VersionLoggerListener.log Command line argument: -Djava.util.logging.manager=org.apache.juli.ClassLoaderLogManager
18-May-2020 13:53:30.468 INFO [main] org.apache.catalina.startup.VersionLoggerListener.log Command line argument: -Djdk.tls.ephemeralDHKeySize=2048
18-May-2020 13:53:30.468 INFO [main] org.apache.catalina.startup.VersionLoggerListener.log Command line argument: -Djava.protocol.handler.pkgs=org.apache.catalina.webresources
18-May-2020 13:53:30.468 INFO [main] org.apache.catalina.startup.VersionLoggerListener.log Command line argument: -Dorg.apache.catalina.security.SecurityListener.UMASK=0027
18-May-2020 13:53:30.469 INFO [main] org.apache.catalina.startup.VersionLoggerListener.log Command line argument: -Dignore.endorsed.dirs=
18-May-2020 13:53:30.469 INFO [main] org.apache.catalina.startup.VersionLoggerListener.log Command line argument: -Dcatalina.base=/root/tomcat/apache-tomcat-9.0.35
18-May-2020 13:53:30.469 INFO [main] org.apache.catalina.startup.VersionLoggerListener.log Command line argument: -Dcatalina.home=/root/tomcat/apache-tomcat-9.0.35
18-May-2020 13:53:30.469 INFO [main] org.apache.catalina.startup.VersionLoggerListener.log Command line argument: -Djava.io.tmpdir=/root/tomcat/apache-tomcat-9.0.35/temp
18-May-2020 13:53:30.469 INFO [main] org.apache.catalina.core.AprLifecycleListener.lifecycleEvent The Apache Tomcat Native library which allows using OpenSSL was not found on the java.library.path: [/usr/java/packages/lib/amd64:/usr/lib64:/lib64:/lib:/usr/lib]
18-May-2020 13:53:30.842 INFO [main] org.apache.coyote.AbstractProtocol.init Initializing ProtocolHandler ["http-nio-8090"]
18-May-2020 13:53:30.881 INFO [main] org.apache.catalina.startup.Catalina.load Server initialization in [629] milliseconds
18-May-2020 13:53:30.921 INFO [main] org.apache.catalina.core.StandardService.startInternal Starting service [Catalina]
18-May-2020 13:53:30.921 INFO [main] org.apache.catalina.core.StandardEngine.startInternal Starting Servlet engine: [Apache Tomcat/9.0.35]
18-May-2020 13:53:30.968 INFO [main] org.apache.catalina.startup.HostConfig.deployWAR Deploying web application archive [/root/tomcat/apache-tomcat-9.0.35/webapps/sample.war]
18-May-2020 13:53:31.286 INFO [main] org.apache.catalina.startup.HostConfig.deployWAR Deployment of web application archive [/root/tomcat/apache-tomcat-9.0.35/webapps/sample.war] has finished in [318] ms
18-May-2020 13:53:31.287 INFO [main] org.apache.catalina.startup.HostConfig.deployWAR Deploying web application archive [/root/tomcat/apache-tomcat-9.0.35/webapps/helloworld.war]
18-May-2020 13:53:31.307 INFO [main] org.apache.catalina.startup.HostConfig.deployWAR Deployment of web application archive [/root/tomcat/apache-tomcat-9.0.35/webapps/helloworld.war] has finished in [21] ms
18-May-2020 13:53:31.308 INFO [main] org.apache.catalina.startup.HostConfig.deployDirectory Deploying web application directory [/root/tomcat/apache-tomcat-9.0.35/webapps/ROOT]
18-May-2020 13:53:31.328 INFO [main] org.apache.catalina.startup.HostConfig.deployDirectory Deployment of web application directory [/root/tomcat/apache-tomcat-9.0.35/webapps/ROOT] has finished in [19] ms
18-May-2020 13:53:31.328 INFO [main] org.apache.catalina.startup.HostConfig.deployDirectory Deploying web application directory [/root/tomcat/apache-tomcat-9.0.35/webapps/docs]
18-May-2020 13:53:31.347 INFO [main] org.apache.catalina.startup.HostConfig.deployDirectory Deployment of web application directory [/root/tomcat/apache-tomcat-9.0.35/webapps/docs] has finished in [19] ms
18-May-2020 13:53:31.347 INFO [main] org.apache.catalina.startup.HostConfig.deployDirectory Deploying web application directory [/root/tomcat/apache-tomcat-9.0.35/webapps/examples]
18-May-2020 13:53:31.665 INFO [main] org.apache.catalina.startup.HostConfig.deployDirectory Deployment of web application directory [/root/tomcat/apache-tomcat-9.0.35/webapps/examples] has finished in [318] ms
18-May-2020 13:53:31.665 INFO [main] org.apache.catalina.startup.HostConfig.deployDirectory Deploying web application directory [/root/tomcat/apache-tomcat-9.0.35/webapps/host-manager]
18-May-2020 13:53:31.702 INFO [main] org.apache.catalina.startup.HostConfig.deployDirectory Deployment of web application directory [/root/tomcat/apache-tomcat-9.0.35/webapps/host-manager] has finished in [37] ms
18-May-2020 13:53:31.702 INFO [main] org.apache.catalina.startup.HostConfig.deployDirectory Deploying web application directory [/root/tomcat/apache-tomcat-9.0.35/webapps/manager]
18-May-2020 13:53:31.754 INFO [main] org.apache.catalina.startup.HostConfig.deployDirectory Deployment of web application directory [/root/tomcat/apache-tomcat-9.0.35/webapps/manager] has finished in [52] ms
18-May-2020 13:53:31.760 INFO [main] org.apache.coyote.AbstractProtocol.start Starting ProtocolHandler ["http-nio-8090"]
18-May-2020 13:53:31.782 INFO [main] org.apache.catalina.startup.Catalina.start Server startup in [900] milliseconds
18-May-2020 13:55:12.410 INFO [Catalina-utility-2] org.apache.catalina.startup.HostConfig.undeploy Undeploying context [/sample]
